# JRE version: Java(TM) SE Runtime Environment (8.0_261-b12) (build 1.8.0_261-b12)
# Java VM: Java HotSpot(TM) 64-Bit Server VM (25.261-b12 mixed mode windows-amd64 compressed oops)
Heap:
 PSYoungGen      total 70656K, used 59217K [0x00000000eab00000, 0x00000000f3500000, 0x0000000100000000)
  eden space 65536K, 88% used [0x00000000eab00000,0x00000000ee3b5f98,0x00000000eeb00000)
  from space 5120K, 22% used [0x00000000eeb00000,0x00000000eec1e7b0,0x00000000ef000000)
  to   space 5120K, 0% used [0x00000000f3000000,0x00000000f3000000,0x00000000f3500000)
 ParOldGen       total 86016K, used 25872K [0x00000000c0000000, 0x00000000c5400000, 0x00000000eab00000)
  object space 86016K, 30% used [0x00000000c0000000,0x00000000c1944338,0x00000000c5400000)
 Metaspace       used 13164K, capacity 13778K, committed 13952K, reserved 1060864K
  class space    used 1994K, capacity 2157K, committed 2176K, reserved 1048576K
GC Heap History (10 events):
Event: 3.397 GC heap before
{Heap before GC invocations=18 (full 7):
 PSYoungGen      total 70656K, used 64498K [0x00000000eab00000, 0x00000000ef500000, 0x0000000100000000)
  eden space 65536K, 98% used [0x00000000eab00000,0x00000000ee9fcba0,0x00000000eeb00000)
  from space 5120K, 0% used [0x00000000ef000000,0x00000000ef000000,0x00000000ef500000)
  to   space 5120K, 0% used [0x00000000eeb00000,0x00000000eeb00000,0x00000000ef000000)
 ParOldGen       total 86016K, used 24374K [0x00000000c0000000, 0x00000000c5400000, 0x00000000eab00000)
  object space 86016K, 28% used [0x00000000c0000000,0x00000000c17cda88,0x00000000c5400000)
 Metaspace       used 11764K, capacity 12226K, committed 12416K, reserved 1060864K
  class space    used 1758K, capacity 1903K, committed 1920K, reserved 1048576K
Event: 3.414 GC heap after
Heap after GC invocations=18 (full 7):
 PSYoungGen      total 70656K, used 5088K [0x00000000eab00000, 0x00000000ef500000, 0x0000000100000000)
  eden space 65536K, 0% used [0x00000000eab00000,0x00000000eab00000,0x00000000eeb00000)
  from space 5120K, 99% used [0x00000000eeb00000,0x00000000eeff8040,0x00000000ef000000)
  to   space 5120K, 0% used [0x00000000ef000000,0x00000000ef000000,0x00000000ef500000)
 ParOldGen       total 86016K, used 28006K [0x00000000c0000000, 0x00000000c5400000, 0x00000000eab00000)
  object space 86016K, 32% used [0x00000000c0000000,0x00000000c1b59a88,0x00000000c5400000)
 Metaspace       used 11764K, capacity 12226K, committed 12416K, reserved 1060864K
  class space    used 1758K, capacity 1903K, committed 1920K, reserved 1048576K
}
Event: 3.414 GC heap before
{Heap before GC invocations=19 (full 8):
 PSYoungGen      total 70656K, used 5088K [0x00000000eab00000, 0x00000000ef500000, 0x0000000100000000)
  eden space 65536K, 0% used [0x00000000eab00000,0x00000000eab00000,0x00000000eeb00000)
  from space 5120K, 99% used [0x00000000eeb00000,0x00000000eeff8040,0x00000000ef000000)
  to   space 5120K, 0% used [0x00000000ef000000,0x00000000ef000000,0x00000000ef500000)
 ParOldGen       total 86016K, used 28006K [0x00000000c0000000, 0x00000000c5400000, 0x00000000eab00000)
  object space 86016K, 32% used [0x00000000c0000000,0x00000000c1b59a88,0x00000000c5400000)
 Metaspace       used 11764K, capacity 12226K, committed 12416K, reserved 1060864K
  class space    used 1758K, capacity 1903K, committed 1920K, reserved 1048576K
Event: 3.570 GC heap after
Heap after GC invocations=19 (full 8):
 PSYoungGen      total 70656K, used 0K [0x00000000eab00000, 0x00000000ef500000, 0x0000000100000000)
  eden space 65536K, 0% used [0x00000000eab00000,0x00000000eab00000,0x00000000eeb00000)
  from space 5120K, 0% used [0x00000000eeb00000,0x00000000eeb00000,0x00000000ef000000)
  to   space 5120K, 0% used [0x00000000ef000000,0x00000000ef000000,0x00000000ef500000)
 ParOldGen       total 86016K, used 32246K [0x00000000c0000000, 0x00000000c5400000, 0x00000000eab00000)
  object space 86016K, 37% used [0x00000000c0000000,0x00000000c1f7dab8,0x00000000c5400000)
 Metaspace       used 11764K, capacity 12226K, committed 12416K, reserved 1060864K
  class space    used 1758K, capacity 1903K, committed 1920K, reserved 1048576K
}
Event: 3.754 GC heap before
{Heap before GC invocations=20 (full 8):
 PSYoungGen      total 70656K, used 8663K [0x00000000eab00000, 0x00000000ef500000, 0x0000000100000000)
  eden space 65536K, 13% used [0x00000000eab00000,0x00000000eb375f48,0x00000000eeb00000)
  from space 5120K, 0% used [0x00000000eeb00000,0x00000000eeb00000,0x00000000ef000000)
  to   space 5120K, 0% used [0x00000000ef000000,0x00000000ef000000,0x00000000ef500000)
 ParOldGen       total 86016K, used 32246K [0x00000000c0000000, 0x00000000c5400000, 0x00000000eab00000)
  object space 86016K, 37% used [0x00000000c0000000,0x00000000c1f7dab8,0x00000000c5400000)
 Metaspace       used 11764K, capacity 12226K, committed 12416K, reserved 1060864K
  class space    used 1758K, capacity 1903K, committed 1920K, reserved 1048576K
Event: 3.765 GC heap after
Heap after GC invocations=20 (full 8):
 PSYoungGen      total 70656K, used 5088K [0x00000000eab00000, 0x00000000ef500000, 0x0000000100000000)
  eden space 65536K, 0% used [0x00000000eab00000,0x00000000eab00000,0x00000000eeb00000)
  from space 5120K, 99% used [0x00000000ef000000,0x00000000ef4f8180,0x00000000ef500000)
  to   space 5120K, 0% used [0x00000000eeb00000,0x00000000eeb00000,0x00000000ef000000)
 ParOldGen       total 86016K, used 32534K [0x00000000c0000000, 0x00000000c5400000, 0x00000000eab00000)
  object space 86016K, 37% used [0x00000000c0000000,0x00000000c1fc5ab8,0x00000000c5400000)
 Metaspace       used 11764K, capacity 12226K, committed 12416K, reserved 1060864K
  class space    used 1758K, capacity 1903K, committed 1920K, reserved 1048576K
}
Event: 3.765 GC heap before
{Heap before GC invocations=21 (full 9):
 PSYoungGen      total 70656K, used 5088K [0x00000000eab00000, 0x00000000ef500000, 0x0000000100000000)
  eden space 65536K, 0% used [0x00000000eab00000,0x00000000eab00000,0x00000000eeb00000)
  from space 5120K, 99% used [0x00000000ef000000,0x00000000ef4f8180,0x00000000ef500000)
  to   space 5120K, 0% used [0x00000000eeb00000,0x00000000eeb00000,0x00000000ef000000)
 ParOldGen       total 86016K, used 32534K [0x00000000c0000000, 0x00000000c5400000, 0x00000000eab00000)
  object space 86016K, 37% used [0x00000000c0000000,0x00000000c1fc5ab8,0x00000000c5400000)
 Metaspace       used 11764K, capacity 12226K, committed 12416K, reserved 1060864K
  class space    used 1758K, capacity 1903K, committed 1920K, reserved 1048576K
Event: 3.865 GC heap after
Heap after GC invocations=21 (full 9):
 PSYoungGen      total 70656K, used 0K [0x00000000eab00000, 0x00000000ef500000, 0x0000000100000000)
  eden space 65536K, 0% used [0x00000000eab00000,0x00000000eab00000,0x00000000eeb00000)
  from space 5120K, 0% used [0x00000000ef000000,0x00000000ef000000,0x00000000ef500000)
  to   space 5120K, 0% used [0x00000000eeb00000,0x00000000eeb00000,0x00000000ef000000)
 ParOldGen       total 86016K, used 25872K [0x00000000c0000000, 0x00000000c5400000, 0x00000000eab00000)
  object space 86016K, 30% used [0x00000000c0000000,0x00000000c1944338,0x00000000c5400000)
 Metaspace       used 11764K, capacity 12226K, committed 12416K, reserved 1060864K
  class space    used 1758K, capacity 1903K, committed 1920K, reserved 1048576K
}
Event: 4.021 GC heap before
{Heap before GC invocations=22 (full 9):
 PSYoungGen      total 70656K, used 2921K [0x00000000eab00000, 0x00000000ef500000, 0x0000000100000000)
  eden space 65536K, 4% used [0x00000000eab00000,0x00000000eadda578,0x00000000eeb00000)
  from space 5120K, 0% used [0x00000000ef000000,0x00000000ef000000,0x00000000ef500000)
  to   space 5120K, 0% used [0x00000000eeb00000,0x00000000eeb00000,0x00000000ef000000)
 ParOldGen       total 86016K, used 25872K [0x00000000c0000000, 0x00000000c5400000, 0x00000000eab00000)
  object space 86016K, 30% used [0x00000000c0000000,0x00000000c1944338,0x00000000c5400000)
 Metaspace       used 11772K, capacity 12226K, committed 12416K, reserved 1060864K
  class space    used 1758K, capacity 1903K, committed 1920K, reserved 1048576K
Event: 4.026 GC heap after
Heap after GC invocations=22 (full 9):
 PSYoungGen      total 70656K, used 1145K [0x00000000eab00000, 0x00000000f3500000, 0x0000000100000000)
  eden space 65536K, 0% used [0x00000000eab00000,0x00000000eab00000,0x00000000eeb00000)
  from space 5120K, 22% used [0x00000000eeb00000,0x00000000eec1e7b0,0x00000000ef000000)
  to   space 5120K, 0% used [0x00000000f3000000,0x00000000f3000000,0x00000000f3500000)
 ParOldGen       total 86016K, used 25872K [0x00000000c0000000, 0x00000000c5400000, 0x00000000eab00000)
  object space 86016K, 30% used [0x00000000c0000000,0x00000000c1944338,0x00000000c5400000)
 Metaspace       used 11772K, capacity 12226K, committed 12416K, reserved 1060864K
  class space    used 1758K, capacity 1903K, committed 1920K, reserved 1048576K
}

