# JRE version: Java(TM) SE Runtime Environment (8.0_261-b12) (build 1.8.0_261-b12)
# Java VM: Java HotSpot(TM) 64-Bit Server VM (25.261-b12 mixed mode windows-amd64 compressed oops)
Heap:
 PSYoungGen      total 348160K, used 31244K [0x00000000eab00000, 0x0000000100000000, 0x0000000100000000)
  eden space 347136K, 9% used [0x00000000eab00000,0x00000000ec983130,0x00000000ffe00000)
  from space 1024K, 0% used [0x00000000fff00000,0x00000000fff00000,0x0000000100000000)
  to   space 1024K, 0% used [0x00000000ffe00000,0x00000000ffe00000,0x00000000fff00000)
 ParOldGen       total 135680K, used 72534K [0x00000000c0000000, 0x00000000c8480000, 0x00000000eab00000)
  object space 135680K, 53% used [0x00000000c0000000,0x00000000c46d5840,0x00000000c8480000)
 Metaspace       used 13956K, capacity 14612K, committed 14848K, reserved 1062912K
  class space    used 2066K, capacity 2217K, committed 2304K, reserved 1048576K
GC Heap History (10 events):
Event: 41.462 GC heap before
{Heap before GC invocations=92 (full 16):
 PSYoungGen      total 348160K, used 7104K [0x00000000eab00000, 0x0000000100000000, 0x0000000100000000)
  eden space 347136K, 2% used [0x00000000eab00000,0x00000000eb1c8330,0x00000000ffe00000)
  from space 1024K, 15% used [0x00000000ffe00000,0x00000000ffe28000,0x00000000fff00000)
  to   space 1024K, 0% used [0x00000000fff00000,0x00000000fff00000,0x0000000100000000)
 ParOldGen       total 135680K, used 72534K [0x00000000c0000000, 0x00000000c8480000, 0x00000000eab00000)
  object space 135680K, 53% used [0x00000000c0000000,0x00000000c46d5a28,0x00000000c8480000)
 Metaspace       used 13951K, capacity 14612K, committed 14848K, reserved 1062912K
  class space    used 2064K, capacity 2217K, committed 2304K, reserved 1048576K
Event: 41.463 GC heap after
Heap after GC invocations=92 (full 16):
 PSYoungGen      total 348160K, used 128K [0x00000000eab00000, 0x0000000100000000, 0x0000000100000000)
  eden space 347136K, 0% used [0x00000000eab00000,0x00000000eab00000,0x00000000ffe00000)
  from space 1024K, 12% used [0x00000000fff00000,0x00000000fff20000,0x0000000100000000)
  to   space 1024K, 0% used [0x00000000ffe00000,0x00000000ffe00000,0x00000000fff00000)
 ParOldGen       total 135680K, used 72534K [0x00000000c0000000, 0x00000000c8480000, 0x00000000eab00000)
  object space 135680K, 53% used [0x00000000c0000000,0x00000000c46d5a28,0x00000000c8480000)
 Metaspace       used 13951K, capacity 14612K, committed 14848K, reserved 1062912K
  class space    used 2064K, capacity 2217K, committed 2304K, reserved 1048576K
}
Event: 41.463 GC heap before
{Heap before GC invocations=93 (full 17):
 PSYoungGen      total 348160K, used 128K [0x00000000eab00000, 0x0000000100000000, 0x0000000100000000)
  eden space 347136K, 0% used [0x00000000eab00000,0x00000000eab00000,0x00000000ffe00000)
  from space 1024K, 12% used [0x00000000fff00000,0x00000000fff20000,0x0000000100000000)
  to   space 1024K, 0% used [0x00000000ffe00000,0x00000000ffe00000,0x00000000fff00000)
 ParOldGen       total 135680K, used 72534K [0x00000000c0000000, 0x00000000c8480000, 0x00000000eab00000)
  object space 135680K, 53% used [0x00000000c0000000,0x00000000c46d5a28,0x00000000c8480000)
 Metaspace       used 13951K, capacity 14612K, committed 14848K, reserved 1062912K
  class space    used 2064K, capacity 2217K, committed 2304K, reserved 1048576K
Event: 41.556 GC heap after
Heap after GC invocations=93 (full 17):
 PSYoungGen      total 348160K, used 0K [0x00000000eab00000, 0x0000000100000000, 0x0000000100000000)
  eden space 347136K, 0% used [0x00000000eab00000,0x00000000eab00000,0x00000000ffe00000)
  from space 1024K, 0% used [0x00000000fff00000,0x00000000fff00000,0x0000000100000000)
  to   space 1024K, 0% used [0x00000000ffe00000,0x00000000ffe00000,0x00000000fff00000)
 ParOldGen       total 135680K, used 72536K [0x00000000c0000000, 0x00000000c8480000, 0x00000000eab00000)
  object space 135680K, 53% used [0x00000000c0000000,0x00000000c46d60e0,0x00000000c8480000)
 Metaspace       used 13951K, capacity 14612K, committed 14848K, reserved 1062912K
  class space    used 2064K, capacity 2217K, committed 2304K, reserved 1048576K
}
Event: 42.179 GC heap before
{Heap before GC invocations=94 (full 17):
 PSYoungGen      total 348160K, used 347136K [0x00000000eab00000, 0x0000000100000000, 0x0000000100000000)
  eden space 347136K, 100% used [0x00000000eab00000,0x00000000ffe00000,0x00000000ffe00000)
  from space 1024K, 0% used [0x00000000fff00000,0x00000000fff00000,0x0000000100000000)
  to   space 1024K, 0% used [0x00000000ffe00000,0x00000000ffe00000,0x00000000fff00000)
 ParOldGen       total 135680K, used 72536K [0x00000000c0000000, 0x00000000c8480000, 0x00000000eab00000)
  object space 135680K, 53% used [0x00000000c0000000,0x00000000c46d60e0,0x00000000c8480000)
 Metaspace       used 13951K, capacity 14612K, committed 14848K, reserved 1062912K
  class space    used 2064K, capacity 2217K, committed 2304K, reserved 1048576K
Event: 42.180 GC heap after
Heap after GC invocations=94 (full 17):
 PSYoungGen      total 348160K, used 128K [0x00000000eab00000, 0x0000000100000000, 0x0000000100000000)
  eden space 347136K, 0% used [0x00000000eab00000,0x00000000eab00000,0x00000000ffe00000)
  from space 1024K, 12% used [0x00000000ffe00000,0x00000000ffe20000,0x00000000fff00000)
  to   space 1024K, 0% used [0x00000000fff00000,0x00000000fff00000,0x0000000100000000)
 ParOldGen       total 135680K, used 72536K [0x00000000c0000000, 0x00000000c8480000, 0x00000000eab00000)
  object space 135680K, 53% used [0x00000000c0000000,0x00000000c46d60e0,0x00000000c8480000)
 Metaspace       used 13951K, capacity 14612K, committed 14848K, reserved 1062912K
  class space    used 2064K, capacity 2217K, committed 2304K, reserved 1048576K
}
Event: 42.254 GC heap before
{Heap before GC invocations=95 (full 17):
 PSYoungGen      total 348160K, used 7072K [0x00000000eab00000, 0x0000000100000000, 0x0000000100000000)
  eden space 347136K, 2% used [0x00000000eab00000,0x00000000eb1c8330,0x00000000ffe00000)
  from space 1024K, 12% used [0x00000000ffe00000,0x00000000ffe20000,0x00000000fff00000)
  to   space 1024K, 0% used [0x00000000fff00000,0x00000000fff00000,0x0000000100000000)
 ParOldGen       total 135680K, used 72536K [0x00000000c0000000, 0x00000000c8480000, 0x00000000eab00000)
  object space 135680K, 53% used [0x00000000c0000000,0x00000000c46d60e0,0x00000000c8480000)
 Metaspace       used 13951K, capacity 14612K, committed 14848K, reserved 1062912K
  class space    used 2064K, capacity 2217K, committed 2304K, reserved 1048576K
Event: 42.254 GC heap after
Heap after GC invocations=95 (full 17):
 PSYoungGen      total 348160K, used 128K [0x00000000eab00000, 0x0000000100000000, 0x0000000100000000)
  eden space 347136K, 0% used [0x00000000eab00000,0x00000000eab00000,0x00000000ffe00000)
  from space 1024K, 12% used [0x00000000fff00000,0x00000000fff20000,0x0000000100000000)
  to   space 1024K, 0% used [0x00000000ffe00000,0x00000000ffe00000,0x00000000fff00000)
 ParOldGen       total 135680K, used 72536K [0x00000000c0000000, 0x00000000c8480000, 0x00000000eab00000)
  object space 135680K, 53% used [0x00000000c0000000,0x00000000c46d60e0,0x00000000c8480000)
 Metaspace       used 13951K, capacity 14612K, committed 14848K, reserved 1062912K
  class space    used 2064K, capacity 2217K, committed 2304K, reserved 1048576K
}
Event: 42.254 GC heap before
{Heap before GC invocations=96 (full 18):
 PSYoungGen      total 348160K, used 128K [0x00000000eab00000, 0x0000000100000000, 0x0000000100000000)
  eden space 347136K, 0% used [0x00000000eab00000,0x00000000eab00000,0x00000000ffe00000)
  from space 1024K, 12% used [0x00000000fff00000,0x00000000fff20000,0x0000000100000000)
  to   space 1024K, 0% used [0x00000000ffe00000,0x00000000ffe00000,0x00000000fff00000)
 ParOldGen       total 135680K, used 72536K [0x00000000c0000000, 0x00000000c8480000, 0x00000000eab00000)
  object space 135680K, 53% used [0x00000000c0000000,0x00000000c46d60e0,0x00000000c8480000)
 Metaspace       used 13951K, capacity 14612K, committed 14848K, reserved 1062912K
  class space    used 2064K, capacity 2217K, committed 2304K, reserved 1048576K
Event: 42.349 GC heap after
Heap after GC invocations=96 (full 18):
 PSYoungGen      total 348160K, used 0K [0x00000000eab00000, 0x0000000100000000, 0x0000000100000000)
  eden space 347136K, 0% used [0x00000000eab00000,0x00000000eab00000,0x00000000ffe00000)
  from space 1024K, 0% used [0x00000000fff00000,0x00000000fff00000,0x0000000100000000)
  to   space 1024K, 0% used [0x00000000ffe00000,0x00000000ffe00000,0x00000000fff00000)
 ParOldGen       total 135680K, used 72534K [0x00000000c0000000, 0x00000000c8480000, 0x00000000eab00000)
  object space 135680K, 53% used [0x00000000c0000000,0x00000000c46d5840,0x00000000c8480000)
 Metaspace       used 13951K, capacity 14612K, committed 14848K, reserved 1062912K
  class space    used 2064K, capacity 2217K, committed 2304K, reserved 1048576K
}

