# JRE version: Java(TM) SE Runtime Environment (8.0_261-b12) (build 1.8.0_261-b12)
# Java VM: Java HotSpot(TM) 64-Bit Server VM (25.261-b12 mixed mode windows-amd64 compressed oops)
Heap:
 PSYoungGen      total 309248K, used 222738K [0x00000000eab00000, 0x00000000ffd80000, 0x0000000100000000)
  eden space 271872K, 81% used [0x00000000eab00000,0x00000000f846caf0,0x00000000fb480000)
  from space 37376K, 0% used [0x00000000fd900000,0x00000000fd918000,0x00000000ffd80000)
  to   space 37376K, 0% used [0x00000000fb480000,0x00000000fb480000,0x00000000fd900000)
 ParOldGen       total 136192K, used 72807K [0x00000000c0000000, 0x00000000c8500000, 0x00000000eab00000)
  object space 136192K, 53% used [0x00000000c0000000,0x00000000c4719f80,0x00000000c8500000)
 Metaspace       used 14202K, capacity 14900K, committed 15104K, reserved 1062912K
  class space    used 2082K, capacity 2249K, committed 2304K, reserved 1048576K
GC Heap History (10 events):
Event: 15.861 GC heap before
{Heap before GC invocations=18 (full 4):
 PSYoungGen      total 287232K, used 287226K [0x00000000eab00000, 0x0000000100000000, 0x0000000100000000)
  eden space 254464K, 100% used [0x00000000eab00000,0x00000000fa380000,0x00000000fa380000)
  from space 32768K, 99% used [0x00000000fa380000,0x00000000fc37eac0,0x00000000fc380000)
  to   space 41472K, 0% used [0x00000000fd780000,0x00000000fd780000,0x0000000100000000)
 ParOldGen       total 86016K, used 58087K [0x00000000c0000000, 0x00000000c5400000, 0x00000000eab00000)
  object space 86016K, 67% used [0x00000000c0000000,0x00000000c38b9ee8,0x00000000c5400000)
 Metaspace       used 14186K, capacity 14892K, committed 15104K, reserved 1062912K
  class space    used 2081K, capacity 2249K, committed 2304K, reserved 1048576K
Event: 15.899 GC heap after
Heap after GC invocations=18 (full 4):
 PSYoungGen      total 309248K, used 9440K [0x00000000eab00000, 0x0000000100000000, 0x0000000100000000)
  eden space 267776K, 0% used [0x00000000eab00000,0x00000000eab00000,0x00000000fb080000)
  from space 41472K, 22% used [0x00000000fd780000,0x00000000fe0b8000,0x0000000100000000)
  to   space 39936K, 0% used [0x00000000fb080000,0x00000000fb080000,0x00000000fd780000)
 ParOldGen       total 86016K, used 81545K [0x00000000c0000000, 0x00000000c5400000, 0x00000000eab00000)
  object space 86016K, 94% used [0x00000000c0000000,0x00000000c4fa27d0,0x00000000c5400000)
 Metaspace       used 14186K, capacity 14892K, committed 15104K, reserved 1062912K
  class space    used 2081K, capacity 2249K, committed 2304K, reserved 1048576K
}
Event: 15.900 GC heap before
{Heap before GC invocations=19 (full 5):
 PSYoungGen      total 309248K, used 9440K [0x00000000eab00000, 0x0000000100000000, 0x0000000100000000)
  eden space 267776K, 0% used [0x00000000eab00000,0x00000000eab00000,0x00000000fb080000)
  from space 41472K, 22% used [0x00000000fd780000,0x00000000fe0b8000,0x0000000100000000)
  to   space 39936K, 0% used [0x00000000fb080000,0x00000000fb080000,0x00000000fd780000)
 ParOldGen       total 86016K, used 81545K [0x00000000c0000000, 0x00000000c5400000, 0x00000000eab00000)
  object space 86016K, 94% used [0x00000000c0000000,0x00000000c4fa27d0,0x00000000c5400000)
 Metaspace       used 14186K, capacity 14892K, committed 15104K, reserved 1062912K
  class space    used 2081K, capacity 2249K, committed 2304K, reserved 1048576K
Event: 16.519 GC heap after
Heap after GC invocations=19 (full 5):
 PSYoungGen      total 309248K, used 0K [0x00000000eab00000, 0x0000000100000000, 0x0000000100000000)
  eden space 267776K, 0% used [0x00000000eab00000,0x00000000eab00000,0x00000000fb080000)
  from space 41472K, 0% used [0x00000000fd780000,0x00000000fd780000,0x0000000100000000)
  to   space 39936K, 0% used [0x00000000fb080000,0x00000000fb080000,0x00000000fd780000)
 ParOldGen       total 136192K, used 72759K [0x00000000c0000000, 0x00000000c8500000, 0x00000000eab00000)
  object space 136192K, 53% used [0x00000000c0000000,0x00000000c470df80,0x00000000c8500000)
 Metaspace       used 14186K, capacity 14892K, committed 15104K, reserved 1062912K
  class space    used 2081K, capacity 2249K, committed 2304K, reserved 1048576K
}
Event: 17.542 GC heap before
{Heap before GC invocations=20 (full 5):
 PSYoungGen      total 309248K, used 267776K [0x00000000eab00000, 0x0000000100000000, 0x0000000100000000)
  eden space 267776K, 100% used [0x00000000eab00000,0x00000000fb080000,0x00000000fb080000)
  from space 41472K, 0% used [0x00000000fd780000,0x00000000fd780000,0x0000000100000000)
  to   space 39936K, 0% used [0x00000000fb080000,0x00000000fb080000,0x00000000fd780000)
 ParOldGen       total 136192K, used 72759K [0x00000000c0000000, 0x00000000c8500000, 0x00000000eab00000)
  object space 136192K, 53% used [0x00000000c0000000,0x00000000c470df80,0x00000000c8500000)
 Metaspace       used 14190K, capacity 14892K, committed 15104K, reserved 1062912K
  class space    used 2081K, capacity 2249K, committed 2304K, reserved 1048576K
Event: 17.547 GC heap after
Heap after GC invocations=20 (full 5):
 PSYoungGen      total 268288K, used 96K [0x00000000eab00000, 0x00000000ffd80000, 0x0000000100000000)
  eden space 267776K, 0% used [0x00000000eab00000,0x00000000eab00000,0x00000000fb080000)
  from space 512K, 18% used [0x00000000fb080000,0x00000000fb098000,0x00000000fb100000)
  to   space 39424K, 0% used [0x00000000fd700000,0x00000000fd700000,0x00000000ffd80000)
 ParOldGen       total 136192K, used 72759K [0x00000000c0000000, 0x00000000c8500000, 0x00000000eab00000)
  object space 136192K, 53% used [0x00000000c0000000,0x00000000c470df80,0x00000000c8500000)
 Metaspace       used 14190K, capacity 14892K, committed 15104K, reserved 1062912K
  class space    used 2081K, capacity 2249K, committed 2304K, reserved 1048576K
}
Event: 18.650 GC heap before
{Heap before GC invocations=21 (full 5):
 PSYoungGen      total 268288K, used 267872K [0x00000000eab00000, 0x00000000ffd80000, 0x0000000100000000)
  eden space 267776K, 100% used [0x00000000eab00000,0x00000000fb080000,0x00000000fb080000)
  from space 512K, 18% used [0x00000000fb080000,0x00000000fb098000,0x00000000fb100000)
  to   space 39424K, 0% used [0x00000000fd700000,0x00000000fd700000,0x00000000ffd80000)
 ParOldGen       total 136192K, used 72759K [0x00000000c0000000, 0x00000000c8500000, 0x00000000eab00000)
  object space 136192K, 53% used [0x00000000c0000000,0x00000000c470df80,0x00000000c8500000)
 Metaspace       used 14197K, capacity 14892K, committed 15104K, reserved 1062912K
  class space    used 2082K, capacity 2249K, committed 2304K, reserved 1048576K
Event: 18.652 GC heap after
Heap after GC invocations=21 (full 5):
 PSYoungGen      total 307712K, used 128K [0x00000000eab00000, 0x0000000100000000, 0x0000000100000000)
  eden space 268288K, 0% used [0x00000000eab00000,0x00000000eab00000,0x00000000fb100000)
  from space 39424K, 0% used [0x00000000fd700000,0x00000000fd720000,0x00000000ffd80000)
  to   space 38912K, 0% used [0x00000000fb100000,0x00000000fb100000,0x00000000fd700000)
 ParOldGen       total 136192K, used 72791K [0x00000000c0000000, 0x00000000c8500000, 0x00000000eab00000)
  object space 136192K, 53% used [0x00000000c0000000,0x00000000c4715f80,0x00000000c8500000)
 Metaspace       used 14197K, capacity 14892K, committed 15104K, reserved 1062912K
  class space    used 2082K, capacity 2249K, committed 2304K, reserved 1048576K
}
Event: 19.573 GC heap before
{Heap before GC invocations=22 (full 5):
 PSYoungGen      total 307712K, used 268416K [0x00000000eab00000, 0x0000000100000000, 0x0000000100000000)
  eden space 268288K, 100% used [0x00000000eab00000,0x00000000fb100000,0x00000000fb100000)
  from space 39424K, 0% used [0x00000000fd700000,0x00000000fd720000,0x00000000ffd80000)
  to   space 38912K, 0% used [0x00000000fb100000,0x00000000fb100000,0x00000000fd700000)
 ParOldGen       total 136192K, used 72791K [0x00000000c0000000, 0x00000000c8500000, 0x00000000eab00000)
  object space 136192K, 53% used [0x00000000c0000000,0x00000000c4715f80,0x00000000c8500000)
 Metaspace       used 14201K, capacity 14900K, committed 15104K, reserved 1062912K
  class space    used 2082K, capacity 2249K, committed 2304K, reserved 1048576K
Event: 19.581 GC heap after
Heap after GC invocations=22 (full 5):
 PSYoungGen      total 307200K, used 128K [0x00000000eab00000, 0x00000000ffe80000, 0x0000000100000000)
  eden space 268288K, 0% used [0x00000000eab00000,0x00000000eab00000,0x00000000fb100000)
  from space 38912K, 0% used [0x00000000fb100000,0x00000000fb120000,0x00000000fd700000)
  to   space 38400K, 0% used [0x00000000fd900000,0x00000000fd900000,0x00000000ffe80000)
 ParOldGen       total 136192K, used 72807K [0x00000000c0000000, 0x00000000c8500000, 0x00000000eab00000)
  object space 136192K, 53% used [0x00000000c0000000,0x00000000c4719f80,0x00000000c8500000)
 Metaspace       used 14201K, capacity 14900K, committed 15104K, reserved 1062912K
  class space    used 2082K, capacity 2249K, committed 2304K, reserved 1048576K
}

