# JRE version: Java(TM) SE Runtime Environment (8.0_261-b12) (build 1.8.0_261-b12)
# Java VM: Java HotSpot(TM) 64-Bit Server VM (25.261-b12 mixed mode windows-amd64 compressed oops)
Heap:
 PSYoungGen      total 332288K, used 304125K [0x00000000eab00000, 0x00000000ffc80000, 0x0000000100000000)
  eden space 320000K, 94% used [0x00000000eab00000,0x00000000fd3df410,0x00000000fe380000)
  from space 12288K, 1% used [0x00000000ff080000,0x00000000ff0a0000,0x00000000ffc80000)
  to   space 12800K, 0% used [0x00000000fe380000,0x00000000fe380000,0x00000000ff000000)
 ParOldGen       total 139776K, used 72511K [0x00000000c0000000, 0x00000000c8880000, 0x00000000eab00000)
  object space 139776K, 51% used [0x00000000c0000000,0x00000000c46cfec8,0x00000000c8880000)
 Metaspace       used 13971K, capacity 14612K, committed 14848K, reserved 1062912K
  class space    used 2067K, capacity 2217K, committed 2304K, reserved 1048576K
GC Heap History (10 events):
Event: 26.925 GC heap before
{Heap before GC invocations=47 (full 13):
 PSYoungGen      total 325632K, used 307328K [0x00000000eab00000, 0x00000000ffd00000, 0x0000000100000000)
  eden space 307200K, 100% used [0x00000000eab00000,0x00000000fd700000,0x00000000fd700000)
  from space 18432K, 0% used [0x00000000fd700000,0x00000000fd720000,0x00000000fe900000)
  to   space 17408K, 0% used [0x00000000fec00000,0x00000000fec00000,0x00000000ffd00000)
 ParOldGen       total 139776K, used 72511K [0x00000000c0000000, 0x00000000c8880000, 0x00000000eab00000)
  object space 139776K, 51% used [0x00000000c0000000,0x00000000c46cfec8,0x00000000c8880000)
 Metaspace       used 13966K, capacity 14612K, committed 14848K, reserved 1062912K
  class space    used 2065K, capacity 2217K, committed 2304K, reserved 1048576K
Event: 26.926 GC heap after
Heap after GC invocations=47 (full 13):
 PSYoungGen      total 329216K, used 96K [0x00000000eab00000, 0x00000000ffc80000, 0x0000000100000000)
  eden space 312320K, 0% used [0x00000000eab00000,0x00000000eab00000,0x00000000fdc00000)
  from space 16896K, 0% used [0x00000000fec00000,0x00000000fec18000,0x00000000ffc80000)
  to   space 16384K, 0% used [0x00000000fdc00000,0x00000000fdc00000,0x00000000fec00000)
 ParOldGen       total 139776K, used 72511K [0x00000000c0000000, 0x00000000c8880000, 0x00000000eab00000)
  object space 139776K, 51% used [0x00000000c0000000,0x00000000c46cfec8,0x00000000c8880000)
 Metaspace       used 13966K, capacity 14612K, committed 14848K, reserved 1062912K
  class space    used 2065K, capacity 2217K, committed 2304K, reserved 1048576K
}
Event: 28.125 GC heap before
{Heap before GC invocations=48 (full 13):
 PSYoungGen      total 329216K, used 312416K [0x00000000eab00000, 0x00000000ffc80000, 0x0000000100000000)
  eden space 312320K, 100% used [0x00000000eab00000,0x00000000fdc00000,0x00000000fdc00000)
  from space 16896K, 0% used [0x00000000fec00000,0x00000000fec18000,0x00000000ffc80000)
  to   space 16384K, 0% used [0x00000000fdc00000,0x00000000fdc00000,0x00000000fec00000)
 ParOldGen       total 139776K, used 72511K [0x00000000c0000000, 0x00000000c8880000, 0x00000000eab00000)
  object space 139776K, 51% used [0x00000000c0000000,0x00000000c46cfec8,0x00000000c8880000)
 Metaspace       used 13966K, capacity 14612K, committed 14848K, reserved 1062912K
  class space    used 2065K, capacity 2217K, committed 2304K, reserved 1048576K
Event: 28.127 GC heap after
Heap after GC invocations=48 (full 13):
 PSYoungGen      total 328704K, used 128K [0x00000000eab00000, 0x00000000ffd80000, 0x0000000100000000)
  eden space 312320K, 0% used [0x00000000eab00000,0x00000000eab00000,0x00000000fdc00000)
  from space 16384K, 0% used [0x00000000fdc00000,0x00000000fdc20000,0x00000000fec00000)
  to   space 15360K, 0% used [0x00000000fee80000,0x00000000fee80000,0x00000000ffd80000)
 ParOldGen       total 139776K, used 72511K [0x00000000c0000000, 0x00000000c8880000, 0x00000000eab00000)
  object space 139776K, 51% used [0x00000000c0000000,0x00000000c46cfec8,0x00000000c8880000)
 Metaspace       used 13966K, capacity 14612K, committed 14848K, reserved 1062912K
  class space    used 2065K, capacity 2217K, committed 2304K, reserved 1048576K
}
Event: 29.009 GC heap before
{Heap before GC invocations=49 (full 13):
 PSYoungGen      total 328704K, used 312448K [0x00000000eab00000, 0x00000000ffd80000, 0x0000000100000000)
  eden space 312320K, 100% used [0x00000000eab00000,0x00000000fdc00000,0x00000000fdc00000)
  from space 16384K, 0% used [0x00000000fdc00000,0x00000000fdc20000,0x00000000fec00000)
  to   space 15360K, 0% used [0x00000000fee80000,0x00000000fee80000,0x00000000ffd80000)
 ParOldGen       total 139776K, used 72511K [0x00000000c0000000, 0x00000000c8880000, 0x00000000eab00000)
  object space 139776K, 51% used [0x00000000c0000000,0x00000000c46cfec8,0x00000000c8880000)
 Metaspace       used 13966K, capacity 14612K, committed 14848K, reserved 1062912K
  class space    used 2065K, capacity 2217K, committed 2304K, reserved 1048576K
Event: 29.010 GC heap after
Heap after GC invocations=49 (full 13):
 PSYoungGen      total 331264K, used 128K [0x00000000eab00000, 0x00000000ffc80000, 0x0000000100000000)
  eden space 316928K, 0% used [0x00000000eab00000,0x00000000eab00000,0x00000000fe080000)
  from space 14336K, 0% used [0x00000000fee80000,0x00000000feea0000,0x00000000ffc80000)
  to   space 14336K, 0% used [0x00000000fe080000,0x00000000fe080000,0x00000000fee80000)
 ParOldGen       total 139776K, used 72511K [0x00000000c0000000, 0x00000000c8880000, 0x00000000eab00000)
  object space 139776K, 51% used [0x00000000c0000000,0x00000000c46cfec8,0x00000000c8880000)
 Metaspace       used 13966K, capacity 14612K, committed 14848K, reserved 1062912K
  class space    used 2065K, capacity 2217K, committed 2304K, reserved 1048576K
}
Event: 29.645 GC heap before
{Heap before GC invocations=50 (full 13):
 PSYoungGen      total 331264K, used 317056K [0x00000000eab00000, 0x00000000ffc80000, 0x0000000100000000)
  eden space 316928K, 100% used [0x00000000eab00000,0x00000000fe080000,0x00000000fe080000)
  from space 14336K, 0% used [0x00000000fee80000,0x00000000feea0000,0x00000000ffc80000)
  to   space 14336K, 0% used [0x00000000fe080000,0x00000000fe080000,0x00000000fee80000)
 ParOldGen       total 139776K, used 72511K [0x00000000c0000000, 0x00000000c8880000, 0x00000000eab00000)
  object space 139776K, 51% used [0x00000000c0000000,0x00000000c46cfec8,0x00000000c8880000)
 Metaspace       used 13966K, capacity 14612K, committed 14848K, reserved 1062912K
  class space    used 2065K, capacity 2217K, committed 2304K, reserved 1048576K
Event: 29.646 GC heap after
Heap after GC invocations=50 (full 13):
 PSYoungGen      total 331264K, used 160K [0x00000000eab00000, 0x00000000ffd80000, 0x0000000100000000)
  eden space 316928K, 0% used [0x00000000eab00000,0x00000000eab00000,0x00000000fe080000)
  from space 14336K, 1% used [0x00000000fe080000,0x00000000fe0a8000,0x00000000fee80000)
  to   space 13312K, 0% used [0x00000000ff080000,0x00000000ff080000,0x00000000ffd80000)
 ParOldGen       total 139776K, used 72511K [0x00000000c0000000, 0x00000000c8880000, 0x00000000eab00000)
  object space 139776K, 51% used [0x00000000c0000000,0x00000000c46cfec8,0x00000000c8880000)
 Metaspace       used 13966K, capacity 14612K, committed 14848K, reserved 1062912K
  class space    used 2065K, capacity 2217K, committed 2304K, reserved 1048576K
}
Event: 30.393 GC heap before
{Heap before GC invocations=51 (full 13):
 PSYoungGen      total 331264K, used 317088K [0x00000000eab00000, 0x00000000ffd80000, 0x0000000100000000)
  eden space 316928K, 100% used [0x00000000eab00000,0x00000000fe080000,0x00000000fe080000)
  from space 14336K, 1% used [0x00000000fe080000,0x00000000fe0a8000,0x00000000fee80000)
  to   space 13312K, 0% used [0x00000000ff080000,0x00000000ff080000,0x00000000ffd80000)
 ParOldGen       total 139776K, used 72511K [0x00000000c0000000, 0x00000000c8880000, 0x00000000eab00000)
  object space 139776K, 51% used [0x00000000c0000000,0x00000000c46cfec8,0x00000000c8880000)
 Metaspace       used 13966K, capacity 14612K, committed 14848K, reserved 1062912K
  class space    used 2065K, capacity 2217K, committed 2304K, reserved 1048576K
Event: 30.394 GC heap after
Heap after GC invocations=51 (full 13):
 PSYoungGen      total 332288K, used 128K [0x00000000eab00000, 0x00000000ffc80000, 0x0000000100000000)
  eden space 320000K, 0% used [0x00000000eab00000,0x00000000eab00000,0x00000000fe380000)
  from space 12288K, 1% used [0x00000000ff080000,0x00000000ff0a0000,0x00000000ffc80000)
  to   space 12800K, 0% used [0x00000000fe380000,0x00000000fe380000,0x00000000ff000000)
 ParOldGen       total 139776K, used 72511K [0x00000000c0000000, 0x00000000c8880000, 0x00000000eab00000)
  object space 139776K, 51% used [0x00000000c0000000,0x00000000c46cfec8,0x00000000c8880000)
 Metaspace       used 13966K, capacity 14612K, committed 14848K, reserved 1062912K
  class space    used 2065K, capacity 2217K, committed 2304K, reserved 1048576K
}

