# JRE version: Java(TM) SE Runtime Environment (8.0_261-b12) (build 1.8.0_261-b12)
# Java VM: Java HotSpot(TM) 64-Bit Server VM (25.261-b12 mixed mode windows-amd64 compressed oops)
Heap:
 PSYoungGen      total 273408K, used 4887K [0x00000000eab00000, 0x00000000fd500000, 0x0000000100000000)
  eden space 242688K, 2% used [0x00000000eab00000,0x00000000eafc5da0,0x00000000f9800000)
  from space 30720K, 0% used [0x00000000fb700000,0x00000000fb700000,0x00000000fd500000)
  to   space 31232K, 0% used [0x00000000f9800000,0x00000000f9800000,0x00000000fb680000)
 ParOldGen       total 86016K, used 72598K [0x00000000c0000000, 0x00000000c5400000, 0x00000000eab00000)
  object space 86016K, 84% used [0x00000000c0000000,0x00000000c46e5a28,0x00000000c5400000)
 Metaspace       used 13766K, capacity 14408K, committed 14592K, reserved 1060864K
  class space    used 2062K, capacity 2217K, committed 2304K, reserved 1048576K
GC Heap History (10 events):
Event: 7.855 GC heap before
{Heap before GC invocations=21 (full 7):
 PSYoungGen      total 136192K, used 136185K [0x00000000eab00000, 0x00000000fbe00000, 0x0000000100000000)
  eden space 121344K, 100% used [0x00000000eab00000,0x00000000f2180000,0x00000000f2180000)
  from space 14848K, 99% used [0x00000000f2180000,0x00000000f2ffe7e8,0x00000000f3000000)
  to   space 19456K, 0% used [0x00000000fab00000,0x00000000fab00000,0x00000000fbe00000)
 ParOldGen       total 86016K, used 46010K [0x00000000c0000000, 0x00000000c5400000, 0x00000000eab00000)
  object space 86016K, 53% used [0x00000000c0000000,0x00000000c2cee8d0,0x00000000c5400000)
 Metaspace       used 13561K, capacity 14186K, committed 14336K, reserved 1060864K
  class space    used 2041K, capacity 2212K, committed 2304K, reserved 1048576K
Event: 8.017 GC heap after
Heap after GC invocations=21 (full 7):
 PSYoungGen      total 257024K, used 19444K [0x00000000eab00000, 0x00000000fc800000, 0x0000000100000000)
  eden space 237568K, 0% used [0x00000000eab00000,0x00000000eab00000,0x00000000f9300000)
  from space 19456K, 99% used [0x00000000fab00000,0x00000000fbdfd270,0x00000000fbe00000)
  to   space 24576K, 0% used [0x00000000f9300000,0x00000000f9300000,0x00000000fab00000)
 ParOldGen       total 86016K, used 51279K [0x00000000c0000000, 0x00000000c5400000, 0x00000000eab00000)
  object space 86016K, 59% used [0x00000000c0000000,0x00000000c3213dc8,0x00000000c5400000)
 Metaspace       used 13561K, capacity 14186K, committed 14336K, reserved 1060864K
  class space    used 2041K, capacity 2212K, committed 2304K, reserved 1048576K
}
Event: 8.249 GC heap before
{Heap before GC invocations=22 (full 7):
 PSYoungGen      total 257024K, used 142468K [0x00000000eab00000, 0x00000000fc800000, 0x0000000100000000)
  eden space 237568K, 51% used [0x00000000eab00000,0x00000000f2324050,0x00000000f9300000)
  from space 19456K, 99% used [0x00000000fab00000,0x00000000fbdfd270,0x00000000fbe00000)
  to   space 24576K, 0% used [0x00000000f9300000,0x00000000f9300000,0x00000000fab00000)
 ParOldGen       total 86016K, used 51279K [0x00000000c0000000, 0x00000000c5400000, 0x00000000eab00000)
  object space 86016K, 59% used [0x00000000c0000000,0x00000000c3213dc8,0x00000000c5400000)
 Metaspace       used 13562K, capacity 14186K, committed 14336K, reserved 1060864K
  class space    used 2041K, capacity 2212K, committed 2304K, reserved 1048576K
Event: 8.486 GC heap after
Heap after GC invocations=22 (full 7):
 PSYoungGen      total 262144K, used 24564K [0x00000000eab00000, 0x00000000fd600000, 0x0000000100000000)
  eden space 237568K, 0% used [0x00000000eab00000,0x00000000eab00000,0x00000000f9300000)
  from space 24576K, 99% used [0x00000000f9300000,0x00000000faafd270,0x00000000fab00000)
  to   space 31744K, 0% used [0x00000000fb700000,0x00000000fb700000,0x00000000fd600000)
 ParOldGen       total 86016K, used 59943K [0x00000000c0000000, 0x00000000c5400000, 0x00000000eab00000)
  object space 86016K, 69% used [0x00000000c0000000,0x00000000c3a89dc8,0x00000000c5400000)
 Metaspace       used 13562K, capacity 14186K, committed 14336K, reserved 1060864K
  class space    used 2041K, capacity 2212K, committed 2304K, reserved 1048576K
}
Event: 8.486 GC heap before
{Heap before GC invocations=23 (full 8):
 PSYoungGen      total 262144K, used 24564K [0x00000000eab00000, 0x00000000fd600000, 0x0000000100000000)
  eden space 237568K, 0% used [0x00000000eab00000,0x00000000eab00000,0x00000000f9300000)
  from space 24576K, 99% used [0x00000000f9300000,0x00000000faafd270,0x00000000fab00000)
  to   space 31744K, 0% used [0x00000000fb700000,0x00000000fb700000,0x00000000fd600000)
 ParOldGen       total 86016K, used 59943K [0x00000000c0000000, 0x00000000c5400000, 0x00000000eab00000)
  object space 86016K, 69% used [0x00000000c0000000,0x00000000c3a89dc8,0x00000000c5400000)
 Metaspace       used 13562K, capacity 14186K, committed 14336K, reserved 1060864K
  class space    used 2041K, capacity 2212K, committed 2304K, reserved 1048576K
Event: 9.003 GC heap after
Heap after GC invocations=23 (full 8):
 PSYoungGen      total 262144K, used 0K [0x00000000eab00000, 0x00000000fd600000, 0x0000000100000000)
  eden space 237568K, 0% used [0x00000000eab00000,0x00000000eab00000,0x00000000f9300000)
  from space 24576K, 0% used [0x00000000f9300000,0x00000000f9300000,0x00000000fab00000)
  to   space 31744K, 0% used [0x00000000fb700000,0x00000000fb700000,0x00000000fd600000)
 ParOldGen       total 86016K, used 72439K [0x00000000c0000000, 0x00000000c5400000, 0x00000000eab00000)
  object space 86016K, 84% used [0x00000000c0000000,0x00000000c46bdeb8,0x00000000c5400000)
 Metaspace       used 13562K, capacity 14186K, committed 14336K, reserved 1060864K
  class space    used 2041K, capacity 2212K, committed 2304K, reserved 1048576K
}
Event: 9.148 GC heap before
{Heap before GC invocations=24 (full 8):
 PSYoungGen      total 262144K, used 61451K [0x00000000eab00000, 0x00000000fd600000, 0x0000000100000000)
  eden space 237568K, 25% used [0x00000000eab00000,0x00000000ee702cf0,0x00000000f9300000)
  from space 24576K, 0% used [0x00000000f9300000,0x00000000f9300000,0x00000000fab00000)
  to   space 31744K, 0% used [0x00000000fb700000,0x00000000fb700000,0x00000000fd600000)
 ParOldGen       total 86016K, used 72439K [0x00000000c0000000, 0x00000000c5400000, 0x00000000eab00000)
  object space 86016K, 84% used [0x00000000c0000000,0x00000000c46bdeb8,0x00000000c5400000)
 Metaspace       used 13763K, capacity 14408K, committed 14592K, reserved 1060864K
  class space    used 2061K, capacity 2217K, committed 2304K, reserved 1048576K
Event: 9.156 GC heap after
Heap after GC invocations=24 (full 8):
 PSYoungGen      total 273408K, used 5457K [0x00000000eab00000, 0x00000000fd500000, 0x0000000100000000)
  eden space 242688K, 0% used [0x00000000eab00000,0x00000000eab00000,0x00000000f9800000)
  from space 30720K, 17% used [0x00000000fb700000,0x00000000fbc54600,0x00000000fd500000)
  to   space 31232K, 0% used [0x00000000f9800000,0x00000000f9800000,0x00000000fb680000)
 ParOldGen       total 86016K, used 72447K [0x00000000c0000000, 0x00000000c5400000, 0x00000000eab00000)
  object space 86016K, 84% used [0x00000000c0000000,0x00000000c46bfeb8,0x00000000c5400000)
 Metaspace       used 13763K, capacity 14408K, committed 14592K, reserved 1060864K
  class space    used 2061K, capacity 2217K, committed 2304K, reserved 1048576K
}
Event: 9.156 GC heap before
{Heap before GC invocations=25 (full 9):
 PSYoungGen      total 273408K, used 5457K [0x00000000eab00000, 0x00000000fd500000, 0x0000000100000000)
  eden space 242688K, 0% used [0x00000000eab00000,0x00000000eab00000,0x00000000f9800000)
  from space 30720K, 17% used [0x00000000fb700000,0x00000000fbc54600,0x00000000fd500000)
  to   space 31232K, 0% used [0x00000000f9800000,0x00000000f9800000,0x00000000fb680000)
 ParOldGen       total 86016K, used 72447K [0x00000000c0000000, 0x00000000c5400000, 0x00000000eab00000)
  object space 86016K, 84% used [0x00000000c0000000,0x00000000c46bfeb8,0x00000000c5400000)
 Metaspace       used 13763K, capacity 14408K, committed 14592K, reserved 1060864K
  class space    used 2061K, capacity 2217K, committed 2304K, reserved 1048576K
Event: 9.435 GC heap after
Heap after GC invocations=25 (full 9):
 PSYoungGen      total 273408K, used 0K [0x00000000eab00000, 0x00000000fd500000, 0x0000000100000000)
  eden space 242688K, 0% used [0x00000000eab00000,0x00000000eab00000,0x00000000f9800000)
  from space 30720K, 0% used [0x00000000fb700000,0x00000000fb700000,0x00000000fd500000)
  to   space 31232K, 0% used [0x00000000f9800000,0x00000000f9800000,0x00000000fb680000)
 ParOldGen       total 86016K, used 72598K [0x00000000c0000000, 0x00000000c5400000, 0x00000000eab00000)
  object space 86016K, 84% used [0x00000000c0000000,0x00000000c46e5a28,0x00000000c5400000)
 Metaspace       used 13763K, capacity 14408K, committed 14592K, reserved 1060864K
  class space    used 2061K, capacity 2217K, committed 2304K, reserved 1048576K
}

