# JRE version: Java(TM) SE Runtime Environment (8.0_261-b12) (build 1.8.0_261-b12)
# Java VM: Java HotSpot(TM) 64-Bit Server VM (25.261-b12 mixed mode windows-amd64 compressed oops)
Heap:
 PSYoungGen      total 309760K, used 58842K [0x00000000eab00000, 0x0000000100000000, 0x0000000100000000)
  eden space 268288K, 21% used [0x00000000eab00000,0x00000000ee476900,0x00000000fb100000)
  from space 41472K, 0% used [0x00000000fd780000,0x00000000fd780000,0x0000000100000000)
  to   space 39424K, 0% used [0x00000000fb100000,0x00000000fb100000,0x00000000fd780000)
 ParOldGen       total 135168K, used 72775K [0x00000000c0000000, 0x00000000c8400000, 0x00000000eab00000)
  object space 135168K, 53% used [0x00000000c0000000,0x00000000c4711c60,0x00000000c8400000)
 Metaspace       used 14192K, capacity 14892K, committed 15104K, reserved 1062912K
  class space    used 2084K, capacity 2249K, committed 2304K, reserved 1048576K
GC Heap History (10 events):
Event: 17.857 GC heap before
{Heap before GC invocations=15 (full 4):
 PSYoungGen      total 147456K, used 141927K [0x00000000eab00000, 0x00000000f4f00000, 0x0000000100000000)
  eden space 130048K, 100% used [0x00000000eab00000,0x00000000f2a00000,0x00000000f2a00000)
  from space 17408K, 68% used [0x00000000f3c00000,0x00000000f4799d18,0x00000000f4d00000)
  to   space 18432K, 0% used [0x00000000f2a00000,0x00000000f2a00000,0x00000000f3c00000)
 ParOldGen       total 86016K, used 32531K [0x00000000c0000000, 0x00000000c5400000, 0x00000000eab00000)
  object space 86016K, 37% used [0x00000000c0000000,0x00000000c1fc4d80,0x00000000c5400000)
 Metaspace       used 13708K, capacity 14338K, committed 14592K, reserved 1060864K
  class space    used 2009K, capacity 2177K, committed 2304K, reserved 1048576K
Event: 17.901 GC heap after
Heap after GC invocations=15 (full 4):
 PSYoungGen      total 148480K, used 18427K [0x00000000eab00000, 0x00000000fde00000, 0x0000000100000000)
  eden space 130048K, 0% used [0x00000000eab00000,0x00000000eab00000,0x00000000f2a00000)
  from space 18432K, 99% used [0x00000000f2a00000,0x00000000f3bfec60,0x00000000f3c00000)
  to   space 27136K, 0% used [0x00000000fc380000,0x00000000fc380000,0x00000000fde00000)
 ParOldGen       total 86016K, used 47682K [0x00000000c0000000, 0x00000000c5400000, 0x00000000eab00000)
  object space 86016K, 55% used [0x00000000c0000000,0x00000000c2e908e8,0x00000000c5400000)
 Metaspace       used 13708K, capacity 14338K, committed 14592K, reserved 1060864K
  class space    used 2009K, capacity 2177K, committed 2304K, reserved 1048576K
}
Event: 18.180 GC heap before
{Heap before GC invocations=16 (full 4):
 PSYoungGen      total 148480K, used 148475K [0x00000000eab00000, 0x00000000fde00000, 0x0000000100000000)
  eden space 130048K, 100% used [0x00000000eab00000,0x00000000f2a00000,0x00000000f2a00000)
  from space 18432K, 99% used [0x00000000f2a00000,0x00000000f3bfec60,0x00000000f3c00000)
  to   space 27136K, 0% used [0x00000000fc380000,0x00000000fc380000,0x00000000fde00000)
 ParOldGen       total 86016K, used 47682K [0x00000000c0000000, 0x00000000c5400000, 0x00000000eab00000)
  object space 86016K, 55% used [0x00000000c0000000,0x00000000c2e908e8,0x00000000c5400000)
 Metaspace       used 13797K, capacity 14442K, committed 14592K, reserved 1060864K
  class space    used 2051K, capacity 2212K, committed 2304K, reserved 1048576K
Event: 18.229 GC heap after
Heap after GC invocations=16 (full 4):
 PSYoungGen      total 281600K, used 27125K [0x00000000eab00000, 0x00000000fe900000, 0x0000000100000000)
  eden space 254464K, 0% used [0x00000000eab00000,0x00000000eab00000,0x00000000fa380000)
  from space 27136K, 99% used [0x00000000fc380000,0x00000000fddfd6e8,0x00000000fde00000)
  to   space 32768K, 0% used [0x00000000fa380000,0x00000000fa380000,0x00000000fc380000)
 ParOldGen       total 86016K, used 49807K [0x00000000c0000000, 0x00000000c5400000, 0x00000000eab00000)
  object space 86016K, 57% used [0x00000000c0000000,0x00000000c30a3de0,0x00000000c5400000)
 Metaspace       used 13797K, capacity 14442K, committed 14592K, reserved 1060864K
  class space    used 2051K, capacity 2212K, committed 2304K, reserved 1048576K
}
Event: 19.438 GC heap before
{Heap before GC invocations=17 (full 4):
 PSYoungGen      total 281600K, used 281589K [0x00000000eab00000, 0x00000000fe900000, 0x0000000100000000)
  eden space 254464K, 100% used [0x00000000eab00000,0x00000000fa380000,0x00000000fa380000)
  from space 27136K, 99% used [0x00000000fc380000,0x00000000fddfd6e8,0x00000000fde00000)
  to   space 32768K, 0% used [0x00000000fa380000,0x00000000fa380000,0x00000000fc380000)
 ParOldGen       total 86016K, used 49807K [0x00000000c0000000, 0x00000000c5400000, 0x00000000eab00000)
  object space 86016K, 57% used [0x00000000c0000000,0x00000000c30a3de0,0x00000000c5400000)
 Metaspace       used 14171K, capacity 14828K, committed 15104K, reserved 1062912K
  class space    used 2082K, capacity 2249K, committed 2304K, reserved 1048576K
Event: 19.874 GC heap after
Heap after GC invocations=17 (full 4):
 PSYoungGen      total 287232K, used 32762K [0x00000000eab00000, 0x0000000100000000, 0x0000000100000000)
  eden space 254464K, 0% used [0x00000000eab00000,0x00000000eab00000,0x00000000fa380000)
  from space 32768K, 99% used [0x00000000fa380000,0x00000000fc37eb20,0x00000000fc380000)
  to   space 41472K, 0% used [0x00000000fd780000,0x00000000fd780000,0x0000000100000000)
 ParOldGen       total 86016K, used 58289K [0x00000000c0000000, 0x00000000c5400000, 0x00000000eab00000)
  object space 86016K, 67% used [0x00000000c0000000,0x00000000c38ec448,0x00000000c5400000)
 Metaspace       used 14171K, capacity 14828K, committed 15104K, reserved 1062912K
  class space    used 2082K, capacity 2249K, committed 2304K, reserved 1048576K
}
Event: 21.656 GC heap before
{Heap before GC invocations=18 (full 4):
 PSYoungGen      total 287232K, used 287226K [0x00000000eab00000, 0x0000000100000000, 0x0000000100000000)
  eden space 254464K, 100% used [0x00000000eab00000,0x00000000fa380000,0x00000000fa380000)
  from space 32768K, 99% used [0x00000000fa380000,0x00000000fc37eb20,0x00000000fc380000)
  to   space 41472K, 0% used [0x00000000fd780000,0x00000000fd780000,0x0000000100000000)
 ParOldGen       total 86016K, used 58289K [0x00000000c0000000, 0x00000000c5400000, 0x00000000eab00000)
  object space 86016K, 67% used [0x00000000c0000000,0x00000000c38ec448,0x00000000c5400000)
 Metaspace       used 14187K, capacity 14892K, committed 15104K, reserved 1062912K
  class space    used 2082K, capacity 2249K, committed 2304K, reserved 1048576K
Event: 21.826 GC heap after
Heap after GC invocations=18 (full 4):
 PSYoungGen      total 309760K, used 10336K [0x00000000eab00000, 0x0000000100000000, 0x0000000100000000)
  eden space 268288K, 0% used [0x00000000eab00000,0x00000000eab00000,0x00000000fb100000)
  from space 41472K, 24% used [0x00000000fd780000,0x00000000fe198000,0x0000000100000000)
  to   space 39424K, 0% used [0x00000000fb100000,0x00000000fb100000,0x00000000fd780000)
 ParOldGen       total 86016K, used 80830K [0x00000000c0000000, 0x00000000c5400000, 0x00000000eab00000)
  object space 86016K, 93% used [0x00000000c0000000,0x00000000c4eef880,0x00000000c5400000)
 Metaspace       used 14187K, capacity 14892K, committed 15104K, reserved 1062912K
  class space    used 2082K, capacity 2249K, committed 2304K, reserved 1048576K
}
Event: 21.826 GC heap before
{Heap before GC invocations=19 (full 5):
 PSYoungGen      total 309760K, used 10336K [0x00000000eab00000, 0x0000000100000000, 0x0000000100000000)
  eden space 268288K, 0% used [0x00000000eab00000,0x00000000eab00000,0x00000000fb100000)
  from space 41472K, 24% used [0x00000000fd780000,0x00000000fe198000,0x0000000100000000)
  to   space 39424K, 0% used [0x00000000fb100000,0x00000000fb100000,0x00000000fd780000)
 ParOldGen       total 86016K, used 80830K [0x00000000c0000000, 0x00000000c5400000, 0x00000000eab00000)
  object space 86016K, 93% used [0x00000000c0000000,0x00000000c4eef880,0x00000000c5400000)
 Metaspace       used 14187K, capacity 14892K, committed 15104K, reserved 1062912K
  class space    used 2082K, capacity 2249K, committed 2304K, reserved 1048576K
Event: 22.860 GC heap after
Heap after GC invocations=19 (full 5):
 PSYoungGen      total 309760K, used 0K [0x00000000eab00000, 0x0000000100000000, 0x0000000100000000)
  eden space 268288K, 0% used [0x00000000eab00000,0x00000000eab00000,0x00000000fb100000)
  from space 41472K, 0% used [0x00000000fd780000,0x00000000fd780000,0x0000000100000000)
  to   space 39424K, 0% used [0x00000000fb100000,0x00000000fb100000,0x00000000fd780000)
 ParOldGen       total 135168K, used 72775K [0x00000000c0000000, 0x00000000c8400000, 0x00000000eab00000)
  object space 135168K, 53% used [0x00000000c0000000,0x00000000c4711c60,0x00000000c8400000)
 Metaspace       used 14187K, capacity 14892K, committed 15104K, reserved 1062912K
  class space    used 2082K, capacity 2249K, committed 2304K, reserved 1048576K
}

