# JRE version: Java(TM) SE Runtime Environment (8.0_261-b12) (build 1.8.0_261-b12)
# Java VM: Java HotSpot(TM) 64-Bit Server VM (25.261-b12 mixed mode windows-amd64 compressed oops)
Heap:
 PSYoungGen      total 36864K, used 3369K [0x00000000eab00000, 0x00000000f4900000, 0x0000000100000000)
  eden space 36352K, 9% used [0x00000000eab00000,0x00000000eae32708,0x00000000ece80000)
  from space 512K, 18% used [0x00000000f4880000,0x00000000f4898000,0x00000000f4900000)
  to   space 512K, 0% used [0x00000000f4800000,0x00000000f4800000,0x00000000f4880000)
 ParOldGen       total 86016K, used 72520K [0x00000000c0000000, 0x00000000c5400000, 0x00000000eab00000)
  object space 86016K, 84% used [0x00000000c0000000,0x00000000c46d20b0,0x00000000c5400000)
 Metaspace       used 13946K, capacity 14580K, committed 14848K, reserved 1062912K
  class space    used 2084K, capacity 2249K, committed 2304K, reserved 1048576K
GC Heap History (10 events):
Event: 90.730 GC heap before
{Heap before GC invocations=117 (full 11):
 PSYoungGen      total 40960K, used 40576K [0x00000000eab00000, 0x00000000f4900000, 0x0000000100000000)
  eden space 40448K, 100% used [0x00000000eab00000,0x00000000ed280000,0x00000000ed280000)
  from space 512K, 25% used [0x00000000f4800000,0x00000000f4820000,0x00000000f4880000)
  to   space 512K, 0% used [0x00000000f4880000,0x00000000f4880000,0x00000000f4900000)
 ParOldGen       total 86016K, used 72520K [0x00000000c0000000, 0x00000000c5400000, 0x00000000eab00000)
  object space 86016K, 84% used [0x00000000c0000000,0x00000000c46d20b0,0x00000000c5400000)
 Metaspace       used 13941K, capacity 14580K, committed 14848K, reserved 1062912K
  class space    used 2082K, capacity 2249K, committed 2304K, reserved 1048576K
Event: 90.733 GC heap after
Heap after GC invocations=117 (full 11):
 PSYoungGen      total 39936K, used 96K [0x00000000eab00000, 0x00000000f4900000, 0x0000000100000000)
  eden space 39424K, 0% used [0x00000000eab00000,0x00000000eab00000,0x00000000ed180000)
  from space 512K, 18% used [0x00000000f4880000,0x00000000f4898000,0x00000000f4900000)
  to   space 512K, 0% used [0x00000000f4800000,0x00000000f4800000,0x00000000f4880000)
 ParOldGen       total 86016K, used 72520K [0x00000000c0000000, 0x00000000c5400000, 0x00000000eab00000)
  object space 86016K, 84% used [0x00000000c0000000,0x00000000c46d20b0,0x00000000c5400000)
 Metaspace       used 13941K, capacity 14580K, committed 14848K, reserved 1062912K
  class space    used 2082K, capacity 2249K, committed 2304K, reserved 1048576K
}
Event: 91.210 GC heap before
{Heap before GC invocations=118 (full 11):
 PSYoungGen      total 39936K, used 39520K [0x00000000eab00000, 0x00000000f4900000, 0x0000000100000000)
  eden space 39424K, 100% used [0x00000000eab00000,0x00000000ed180000,0x00000000ed180000)
  from space 512K, 18% used [0x00000000f4880000,0x00000000f4898000,0x00000000f4900000)
  to   space 512K, 0% used [0x00000000f4800000,0x00000000f4800000,0x00000000f4880000)
 ParOldGen       total 86016K, used 72520K [0x00000000c0000000, 0x00000000c5400000, 0x00000000eab00000)
  object space 86016K, 84% used [0x00000000c0000000,0x00000000c46d20b0,0x00000000c5400000)
 Metaspace       used 13941K, capacity 14580K, committed 14848K, reserved 1062912K
  class space    used 2082K, capacity 2249K, committed 2304K, reserved 1048576K
Event: 91.211 GC heap after
Heap after GC invocations=118 (full 11):
 PSYoungGen      total 38912K, used 128K [0x00000000eab00000, 0x00000000f4900000, 0x0000000100000000)
  eden space 38400K, 0% used [0x00000000eab00000,0x00000000eab00000,0x00000000ed080000)
  from space 512K, 25% used [0x00000000f4800000,0x00000000f4820000,0x00000000f4880000)
  to   space 512K, 0% used [0x00000000f4880000,0x00000000f4880000,0x00000000f4900000)
 ParOldGen       total 86016K, used 72520K [0x00000000c0000000, 0x00000000c5400000, 0x00000000eab00000)
  object space 86016K, 84% used [0x00000000c0000000,0x00000000c46d20b0,0x00000000c5400000)
 Metaspace       used 13941K, capacity 14580K, committed 14848K, reserved 1062912K
  class space    used 2082K, capacity 2249K, committed 2304K, reserved 1048576K
}
Event: 91.488 GC heap before
{Heap before GC invocations=119 (full 11):
 PSYoungGen      total 38912K, used 38528K [0x00000000eab00000, 0x00000000f4900000, 0x0000000100000000)
  eden space 38400K, 100% used [0x00000000eab00000,0x00000000ed080000,0x00000000ed080000)
  from space 512K, 25% used [0x00000000f4800000,0x00000000f4820000,0x00000000f4880000)
  to   space 512K, 0% used [0x00000000f4880000,0x00000000f4880000,0x00000000f4900000)
 ParOldGen       total 86016K, used 72520K [0x00000000c0000000, 0x00000000c5400000, 0x00000000eab00000)
  object space 86016K, 84% used [0x00000000c0000000,0x00000000c46d20b0,0x00000000c5400000)
 Metaspace       used 13941K, capacity 14580K, committed 14848K, reserved 1062912K
  class space    used 2082K, capacity 2249K, committed 2304K, reserved 1048576K
Event: 91.489 GC heap after
Heap after GC invocations=119 (full 11):
 PSYoungGen      total 37888K, used 96K [0x00000000eab00000, 0x00000000f4900000, 0x0000000100000000)
  eden space 37376K, 0% used [0x00000000eab00000,0x00000000eab00000,0x00000000ecf80000)
  from space 512K, 18% used [0x00000000f4880000,0x00000000f4898000,0x00000000f4900000)
  to   space 512K, 0% used [0x00000000f4800000,0x00000000f4800000,0x00000000f4880000)
 ParOldGen       total 86016K, used 72520K [0x00000000c0000000, 0x00000000c5400000, 0x00000000eab00000)
  object space 86016K, 84% used [0x00000000c0000000,0x00000000c46d20b0,0x00000000c5400000)
 Metaspace       used 13941K, capacity 14580K, committed 14848K, reserved 1062912K
  class space    used 2082K, capacity 2249K, committed 2304K, reserved 1048576K
}
Event: 91.780 GC heap before
{Heap before GC invocations=120 (full 11):
 PSYoungGen      total 37888K, used 37472K [0x00000000eab00000, 0x00000000f4900000, 0x0000000100000000)
  eden space 37376K, 100% used [0x00000000eab00000,0x00000000ecf80000,0x00000000ecf80000)
  from space 512K, 18% used [0x00000000f4880000,0x00000000f4898000,0x00000000f4900000)
  to   space 512K, 0% used [0x00000000f4800000,0x00000000f4800000,0x00000000f4880000)
 ParOldGen       total 86016K, used 72520K [0x00000000c0000000, 0x00000000c5400000, 0x00000000eab00000)
  object space 86016K, 84% used [0x00000000c0000000,0x00000000c46d20b0,0x00000000c5400000)
 Metaspace       used 13941K, capacity 14580K, committed 14848K, reserved 1062912K
  class space    used 2082K, capacity 2249K, committed 2304K, reserved 1048576K
Event: 91.780 GC heap after
Heap after GC invocations=120 (full 11):
 PSYoungGen      total 37376K, used 96K [0x00000000eab00000, 0x00000000f4900000, 0x0000000100000000)
  eden space 36864K, 0% used [0x00000000eab00000,0x00000000eab00000,0x00000000ecf00000)
  from space 512K, 18% used [0x00000000f4800000,0x00000000f4818000,0x00000000f4880000)
  to   space 512K, 0% used [0x00000000f4880000,0x00000000f4880000,0x00000000f4900000)
 ParOldGen       total 86016K, used 72520K [0x00000000c0000000, 0x00000000c5400000, 0x00000000eab00000)
  object space 86016K, 84% used [0x00000000c0000000,0x00000000c46d20b0,0x00000000c5400000)
 Metaspace       used 13941K, capacity 14580K, committed 14848K, reserved 1062912K
  class space    used 2082K, capacity 2249K, committed 2304K, reserved 1048576K
}
Event: 92.035 GC heap before
{Heap before GC invocations=121 (full 11):
 PSYoungGen      total 37376K, used 36960K [0x00000000eab00000, 0x00000000f4900000, 0x0000000100000000)
  eden space 36864K, 100% used [0x00000000eab00000,0x00000000ecf00000,0x00000000ecf00000)
  from space 512K, 18% used [0x00000000f4800000,0x00000000f4818000,0x00000000f4880000)
  to   space 512K, 0% used [0x00000000f4880000,0x00000000f4880000,0x00000000f4900000)
 ParOldGen       total 86016K, used 72520K [0x00000000c0000000, 0x00000000c5400000, 0x00000000eab00000)
  object space 86016K, 84% used [0x00000000c0000000,0x00000000c46d20b0,0x00000000c5400000)
 Metaspace       used 13941K, capacity 14580K, committed 14848K, reserved 1062912K
  class space    used 2082K, capacity 2249K, committed 2304K, reserved 1048576K
Event: 92.036 GC heap after
Heap after GC invocations=121 (full 11):
 PSYoungGen      total 36864K, used 96K [0x00000000eab00000, 0x00000000f4900000, 0x0000000100000000)
  eden space 36352K, 0% used [0x00000000eab00000,0x00000000eab00000,0x00000000ece80000)
  from space 512K, 18% used [0x00000000f4880000,0x00000000f4898000,0x00000000f4900000)
  to   space 512K, 0% used [0x00000000f4800000,0x00000000f4800000,0x00000000f4880000)
 ParOldGen       total 86016K, used 72520K [0x00000000c0000000, 0x00000000c5400000, 0x00000000eab00000)
  object space 86016K, 84% used [0x00000000c0000000,0x00000000c46d20b0,0x00000000c5400000)
 Metaspace       used 13941K, capacity 14580K, committed 14848K, reserved 1062912K
  class space    used 2082K, capacity 2249K, committed 2304K, reserved 1048576K
}

